{"/Users/iliyaandrushov/WebstormProjects/trpo/pages/guest.vue": {"path":"/Users/iliyaandrushov/WebstormProjects/trpo/pages/guest.vue","statementMap":{"0":{"start":{"line":221,"column":0},"end":{"line":221,"column":null}},"1":{"start":{"line":251,"column":0},"end":{"line":251,"column":null}},"2":{"start":{"line":252,"column":0},"end":{"line":256,"column":null}},"3":{"start":{"line":253,"column":0},"end":{"line":255,"column":null}},"4":{"start":{"line":254,"column":0},"end":{"line":254,"column":null}},"5":{"start":{"line":257,"column":0},"end":{"line":257,"column":null}},"6":{"start":{"line":260,"column":0},"end":{"line":260,"column":null}},"7":{"start":{"line":261,"column":0},"end":{"line":265,"column":null}},"8":{"start":{"line":262,"column":0},"end":{"line":262,"column":null}},"9":{"start":{"line":266,"column":0},"end":{"line":266,"column":null}},"10":{"start":{"line":273,"column":0},"end":{"line":275,"column":null}},"11":{"start":{"line":274,"column":0},"end":{"line":274,"column":null}},"12":{"start":{"line":281,"column":0},"end":{"line":285,"column":null}},"13":{"start":{"line":282,"column":0},"end":{"line":284,"column":null}},"14":{"start":{"line":283,"column":0},"end":{"line":283,"column":null}},"15":{"start":{"line":290,"column":0},"end":{"line":290,"column":null}},"16":{"start":{"line":291,"column":0},"end":{"line":291,"column":null}},"17":{"start":{"line":295,"column":0},"end":{"line":295,"column":null}},"18":{"start":{"line":296,"column":0},"end":{"line":296,"column":null}},"19":{"start":{"line":319,"column":0},"end":{"line":319,"column":null}},"20":{"start":{"line":320,"column":0},"end":{"line":334,"column":null}},"21":{"start":{"line":321,"column":0},"end":{"line":331,"column":null}},"22":{"start":{"line":322,"column":0},"end":{"line":322,"column":null}},"23":{"start":{"line":323,"column":0},"end":{"line":329,"column":null}},"24":{"start":{"line":324,"column":0},"end":{"line":324,"column":null}},"25":{"start":{"line":328,"column":0},"end":{"line":328,"column":null}},"26":{"start":{"line":330,"column":0},"end":{"line":330,"column":null}},"27":{"start":{"line":333,"column":0},"end":{"line":333,"column":null}},"28":{"start":{"line":337,"column":0},"end":{"line":337,"column":null}},"29":{"start":{"line":338,"column":0},"end":{"line":352,"column":null}},"30":{"start":{"line":339,"column":0},"end":{"line":349,"column":null}},"31":{"start":{"line":340,"column":0},"end":{"line":340,"column":null}},"32":{"start":{"line":341,"column":0},"end":{"line":347,"column":null}},"33":{"start":{"line":342,"column":0},"end":{"line":342,"column":null}},"34":{"start":{"line":346,"column":0},"end":{"line":346,"column":null}},"35":{"start":{"line":348,"column":0},"end":{"line":348,"column":null}},"36":{"start":{"line":351,"column":0},"end":{"line":351,"column":null}},"37":{"start":{"line":355,"column":0},"end":{"line":355,"column":null}},"38":{"start":{"line":356,"column":0},"end":{"line":361,"column":null}},"39":{"start":{"line":357,"column":0},"end":{"line":357,"column":null}},"40":{"start":{"line":359,"column":0},"end":{"line":359,"column":null}},"41":{"start":{"line":360,"column":0},"end":{"line":360,"column":null}},"42":{"start":{"line":364,"column":0},"end":{"line":364,"column":null}},"43":{"start":{"line":365,"column":0},"end":{"line":365,"column":null}},"44":{"start":{"line":366,"column":0},"end":{"line":370,"column":null}},"45":{"start":{"line":367,"column":0},"end":{"line":369,"column":null}},"46":{"start":{"line":368,"column":0},"end":{"line":368,"column":null}},"47":{"start":{"line":371,"column":0},"end":{"line":371,"column":null}},"48":{"start":{"line":372,"column":0},"end":{"line":383,"column":null}},"49":{"start":{"line":373,"column":0},"end":{"line":373,"column":null}},"50":{"start":{"line":374,"column":0},"end":{"line":374,"column":null}},"51":{"start":{"line":375,"column":0},"end":{"line":377,"column":null}},"52":{"start":{"line":376,"column":0},"end":{"line":376,"column":null}},"53":{"start":{"line":378,"column":0},"end":{"line":378,"column":null}},"54":{"start":{"line":379,"column":0},"end":{"line":379,"column":null}},"55":{"start":{"line":381,"column":0},"end":{"line":381,"column":null}},"56":{"start":{"line":382,"column":0},"end":{"line":382,"column":null}},"57":{"start":{"line":386,"column":0},"end":{"line":386,"column":null}},"58":{"start":{"line":387,"column":0},"end":{"line":396,"column":null}},"59":{"start":{"line":388,"column":0},"end":{"line":388,"column":null}},"60":{"start":{"line":392,"column":0},"end":{"line":392,"column":null}},"61":{"start":{"line":394,"column":0},"end":{"line":394,"column":null}},"62":{"start":{"line":395,"column":0},"end":{"line":395,"column":null}},"63":{"start":{"line":399,"column":0},"end":{"line":399,"column":null}}},"fnMap":{"0":{"name":"(anonymous_1)","decl":{"start":{"line":221,"column":0},"end":{"line":221,"column":null}},"loc":{"start":{"line":221,"column":0},"end":{"line":221,"column":null}}},"1":{"name":"(anonymous_2)","decl":{"start":{"line":250,"column":0},"end":{"line":250,"column":null}},"loc":{"start":{"line":250,"column":0},"end":{"line":258,"column":null}}},"2":{"name":"(anonymous_3)","decl":{"start":{"line":252,"column":0},"end":{"line":252,"column":null}},"loc":{"start":{"line":252,"column":0},"end":{"line":256,"column":null}}},"3":{"name":"(anonymous_4)","decl":{"start":{"line":259,"column":0},"end":{"line":259,"column":null}},"loc":{"start":{"line":259,"column":0},"end":{"line":267,"column":null}}},"4":{"name":"(anonymous_5)","decl":{"start":{"line":261,"column":0},"end":{"line":261,"column":null}},"loc":{"start":{"line":261,"column":0},"end":{"line":265,"column":null}}},"5":{"name":"(anonymous_6)","decl":{"start":{"line":272,"column":0},"end":{"line":272,"column":null}},"loc":{"start":{"line":272,"column":0},"end":{"line":276,"column":null}}},"6":{"name":"(anonymous_7)","decl":{"start":{"line":280,"column":0},"end":{"line":280,"column":null}},"loc":{"start":{"line":280,"column":0},"end":{"line":286,"column":null}}},"7":{"name":"(anonymous_8)","decl":{"start":{"line":281,"column":0},"end":{"line":281,"column":null}},"loc":{"start":{"line":281,"column":0},"end":{"line":285,"column":null}}},"8":{"name":"(anonymous_9)","decl":{"start":{"line":289,"column":0},"end":{"line":289,"column":null}},"loc":{"start":{"line":289,"column":0},"end":{"line":292,"column":null}}},"9":{"name":"(anonymous_10)","decl":{"start":{"line":294,"column":0},"end":{"line":294,"column":null}},"loc":{"start":{"line":294,"column":0},"end":{"line":317,"column":null}}},"10":{"name":"(anonymous_11)","decl":{"start":{"line":318,"column":0},"end":{"line":318,"column":null}},"loc":{"start":{"line":318,"column":0},"end":{"line":335,"column":null}}},"11":{"name":"(anonymous_12)","decl":{"start":{"line":321,"column":0},"end":{"line":321,"column":null}},"loc":{"start":{"line":321,"column":0},"end":{"line":331,"column":null}}},"12":{"name":"(anonymous_13)","decl":{"start":{"line":323,"column":0},"end":{"line":323,"column":null}},"loc":{"start":{"line":323,"column":0},"end":{"line":329,"column":null}}},"13":{"name":"(anonymous_14)","decl":{"start":{"line":336,"column":0},"end":{"line":336,"column":null}},"loc":{"start":{"line":336,"column":0},"end":{"line":353,"column":null}}},"14":{"name":"(anonymous_15)","decl":{"start":{"line":339,"column":0},"end":{"line":339,"column":null}},"loc":{"start":{"line":339,"column":0},"end":{"line":349,"column":null}}},"15":{"name":"(anonymous_16)","decl":{"start":{"line":341,"column":0},"end":{"line":341,"column":null}},"loc":{"start":{"line":341,"column":0},"end":{"line":347,"column":null}}},"16":{"name":"(anonymous_17)","decl":{"start":{"line":354,"column":0},"end":{"line":354,"column":null}},"loc":{"start":{"line":354,"column":0},"end":{"line":362,"column":null}}},"17":{"name":"(anonymous_18)","decl":{"start":{"line":363,"column":0},"end":{"line":363,"column":null}},"loc":{"start":{"line":363,"column":0},"end":{"line":384,"column":null}}},"18":{"name":"(anonymous_19)","decl":{"start":{"line":366,"column":0},"end":{"line":366,"column":null}},"loc":{"start":{"line":366,"column":0},"end":{"line":370,"column":null}}},"19":{"name":"(anonymous_20)","decl":{"start":{"line":385,"column":0},"end":{"line":385,"column":null}},"loc":{"start":{"line":385,"column":0},"end":{"line":397,"column":null}}},"20":{"name":"(anonymous_21)","decl":{"start":{"line":398,"column":0},"end":{"line":398,"column":null}},"loc":{"start":{"line":398,"column":0},"end":{"line":400,"column":null}}}},"branchMap":{"0":{"loc":{"start":{"line":253,"column":0},"end":{"line":255,"column":null}},"type":"if","locations":[{"start":{"line":253,"column":0},"end":{"line":255,"column":null}},{"start":{"line":253,"column":0},"end":{"line":255,"column":null}}]},"1":{"loc":{"start":{"line":273,"column":0},"end":{"line":275,"column":null}},"type":"if","locations":[{"start":{"line":273,"column":0},"end":{"line":275,"column":null}},{"start":{"line":273,"column":0},"end":{"line":275,"column":null}}]},"2":{"loc":{"start":{"line":282,"column":0},"end":{"line":284,"column":null}},"type":"if","locations":[{"start":{"line":282,"column":0},"end":{"line":284,"column":null}},{"start":{"line":282,"column":0},"end":{"line":284,"column":null}}]},"3":{"loc":{"start":{"line":367,"column":0},"end":{"line":369,"column":null}},"type":"if","locations":[{"start":{"line":367,"column":0},"end":{"line":369,"column":null}},{"start":{"line":367,"column":0},"end":{"line":369,"column":null}}]},"4":{"loc":{"start":{"line":375,"column":0},"end":{"line":377,"column":null}},"type":"if","locations":[{"start":{"line":375,"column":0},"end":{"line":377,"column":null}},{"start":{"line":375,"column":0},"end":{"line":377,"column":null}}]},"5":{"loc":{"start":{"line":375,"column":0},"end":{"line":375,"column":null}},"type":"binary-expr","locations":[{"start":{"line":375,"column":0},"end":{"line":375,"column":null}},{"start":{"line":375,"column":0},"end":{"line":375,"column":null}}]}},"s":{"0":0,"1":0,"2":0,"3":0,"4":0,"5":0,"6":0,"7":0,"8":0,"9":0,"10":0,"11":0,"12":0,"13":0,"14":0,"15":0,"16":0,"17":0,"18":0,"19":0,"20":0,"21":0,"22":0,"23":0,"24":0,"25":0,"26":0,"27":0,"28":0,"29":0,"30":0,"31":0,"32":0,"33":0,"34":0,"35":0,"36":0,"37":0,"38":0,"39":0,"40":0,"41":0,"42":0,"43":0,"44":0,"45":0,"46":0,"47":0,"48":0,"49":0,"50":0,"51":0,"52":0,"53":0,"54":0,"55":0,"56":0,"57":0,"58":0,"59":0,"60":0,"61":0,"62":0,"63":0},"f":{"0":0,"1":0,"2":0,"3":0,"4":0,"5":0,"6":0,"7":0,"8":0,"9":0,"10":0,"11":0,"12":0,"13":0,"14":0,"15":0,"16":0,"17":0,"18":0,"19":0,"20":0},"b":{"0":[0,0],"1":[0,0],"2":[0,0],"3":[0,0],"4":[0,0],"5":[0,0]}}
,"/Users/iliyaandrushov/WebstormProjects/trpo/pages/index.vue": {"path":"/Users/iliyaandrushov/WebstormProjects/trpo/pages/index.vue","statementMap":{"0":{"start":{"line":11,"column":0},"end":{"line":11,"column":null}}},"fnMap":{"0":{"name":"(anonymous_1)","decl":{"start":{"line":10,"column":0},"end":{"line":10,"column":null}},"loc":{"start":{"line":10,"column":0},"end":{"line":12,"column":null}}}},"branchMap":{},"s":{"0":0},"f":{"0":0},"b":{}}
,"/Users/iliyaandrushov/WebstormProjects/trpo/pages/rooms.vue": {"path":"/Users/iliyaandrushov/WebstormProjects/trpo/pages/rooms.vue","statementMap":{"0":{"start":{"line":61,"column":0},"end":{"line":61,"column":null}},"1":{"start":{"line":65,"column":0},"end":{"line":65,"column":null}},"2":{"start":{"line":69,"column":0},"end":{"line":69,"column":null}},"3":{"start":{"line":70,"column":0},"end":{"line":84,"column":null}},"4":{"start":{"line":71,"column":0},"end":{"line":81,"column":null}},"5":{"start":{"line":72,"column":0},"end":{"line":72,"column":null}},"6":{"start":{"line":73,"column":0},"end":{"line":79,"column":null}},"7":{"start":{"line":74,"column":0},"end":{"line":74,"column":null}},"8":{"start":{"line":78,"column":0},"end":{"line":78,"column":null}},"9":{"start":{"line":80,"column":0},"end":{"line":80,"column":null}},"10":{"start":{"line":83,"column":0},"end":{"line":83,"column":null}},"11":{"start":{"line":87,"column":0},"end":{"line":89,"column":null}},"12":{"start":{"line":88,"column":0},"end":{"line":88,"column":null}}},"fnMap":{"0":{"name":"(anonymous_1)","decl":{"start":{"line":61,"column":0},"end":{"line":61,"column":null}},"loc":{"start":{"line":61,"column":0},"end":{"line":61,"column":null}}},"1":{"name":"(anonymous_2)","decl":{"start":{"line":64,"column":0},"end":{"line":64,"column":null}},"loc":{"start":{"line":64,"column":0},"end":{"line":66,"column":null}}},"2":{"name":"(anonymous_3)","decl":{"start":{"line":68,"column":0},"end":{"line":68,"column":null}},"loc":{"start":{"line":68,"column":0},"end":{"line":85,"column":null}}},"3":{"name":"(anonymous_4)","decl":{"start":{"line":71,"column":0},"end":{"line":71,"column":null}},"loc":{"start":{"line":71,"column":0},"end":{"line":81,"column":null}}},"4":{"name":"(anonymous_5)","decl":{"start":{"line":73,"column":0},"end":{"line":73,"column":null}},"loc":{"start":{"line":73,"column":0},"end":{"line":79,"column":null}}},"5":{"name":"(anonymous_6)","decl":{"start":{"line":86,"column":0},"end":{"line":86,"column":null}},"loc":{"start":{"line":86,"column":0},"end":{"line":90,"column":null}}}},"branchMap":{"0":{"loc":{"start":{"line":87,"column":0},"end":{"line":89,"column":null}},"type":"if","locations":[{"start":{"line":87,"column":0},"end":{"line":89,"column":null}},{"start":{"line":87,"column":0},"end":{"line":89,"column":null}}]},"1":{"loc":{"start":{"line":87,"column":0},"end":{"line":87,"column":null}},"type":"binary-expr","locations":[{"start":{"line":87,"column":0},"end":{"line":87,"column":null}},{"start":{"line":87,"column":0},"end":{"line":87,"column":null}}]}},"s":{"0":0,"1":0,"2":0,"3":0,"4":0,"5":0,"6":0,"7":0,"8":0,"9":0,"10":0,"11":0,"12":0},"f":{"0":0,"1":0,"2":0,"3":0,"4":0,"5":0},"b":{"0":[0,0],"1":[0,0]}}
,"/Users/iliyaandrushov/WebstormProjects/trpo/pages/info/_id.vue": {"path":"/Users/iliyaandrushov/WebstormProjects/trpo/pages/info/_id.vue","statementMap":{"0":{"start":{"line":164,"column":0},"end":{"line":164,"column":null}},"1":{"start":{"line":168,"column":0},"end":{"line":168,"column":null}},"2":{"start":{"line":177,"column":0},"end":{"line":177,"column":null}},"3":{"start":{"line":181,"column":0},"end":{"line":181,"column":null}},"4":{"start":{"line":184,"column":0},"end":{"line":197,"column":null}},"5":{"start":{"line":206,"column":0},"end":{"line":206,"column":null}},"6":{"start":{"line":207,"column":0},"end":{"line":207,"column":null}},"7":{"start":{"line":210,"column":0},"end":{"line":210,"column":null}},"8":{"start":{"line":211,"column":0},"end":{"line":229,"column":null}},"9":{"start":{"line":212,"column":0},"end":{"line":212,"column":null}},"10":{"start":{"line":226,"column":0},"end":{"line":226,"column":null}},"11":{"start":{"line":228,"column":0},"end":{"line":228,"column":null}},"12":{"start":{"line":232,"column":0},"end":{"line":232,"column":null}},"13":{"start":{"line":233,"column":0},"end":{"line":233,"column":null}},"14":{"start":{"line":236,"column":0},"end":{"line":236,"column":null}},"15":{"start":{"line":237,"column":0},"end":{"line":237,"column":null}},"16":{"start":{"line":238,"column":0},"end":{"line":238,"column":null}},"17":{"start":{"line":239,"column":0},"end":{"line":246,"column":null}},"18":{"start":{"line":240,"column":0},"end":{"line":240,"column":null}},"19":{"start":{"line":243,"column":0},"end":{"line":243,"column":null}},"20":{"start":{"line":245,"column":0},"end":{"line":245,"column":null}},"21":{"start":{"line":249,"column":0},"end":{"line":249,"column":null}},"22":{"start":{"line":250,"column":0},"end":{"line":255,"column":null}},"23":{"start":{"line":251,"column":0},"end":{"line":253,"column":null}},"24":{"start":{"line":252,"column":0},"end":{"line":252,"column":null}},"25":{"start":{"line":254,"column":0},"end":{"line":254,"column":null}},"26":{"start":{"line":256,"column":0},"end":{"line":256,"column":null}},"27":{"start":{"line":259,"column":0},"end":{"line":259,"column":null}},"28":{"start":{"line":260,"column":0},"end":{"line":268,"column":null}},"29":{"start":{"line":261,"column":0},"end":{"line":261,"column":null}},"30":{"start":{"line":262,"column":0},"end":{"line":262,"column":null}},"31":{"start":{"line":263,"column":0},"end":{"line":265,"column":null}},"32":{"start":{"line":264,"column":0},"end":{"line":264,"column":null}},"33":{"start":{"line":267,"column":0},"end":{"line":267,"column":null}}},"fnMap":{"0":{"name":"(anonymous_2)","decl":{"start":{"line":168,"column":0},"end":{"line":168,"column":null}},"loc":{"start":{"line":168,"column":0},"end":{"line":168,"column":null}}},"1":{"name":"(anonymous_3)","decl":{"start":{"line":176,"column":0},"end":{"line":176,"column":null}},"loc":{"start":{"line":176,"column":0},"end":{"line":178,"column":null}}},"2":{"name":"(anonymous_4)","decl":{"start":{"line":180,"column":0},"end":{"line":180,"column":null}},"loc":{"start":{"line":180,"column":0},"end":{"line":182,"column":null}}},"3":{"name":"(anonymous_5)","decl":{"start":{"line":183,"column":0},"end":{"line":183,"column":null}},"loc":{"start":{"line":183,"column":0},"end":{"line":202,"column":null}}},"4":{"name":"(anonymous_6)","decl":{"start":{"line":205,"column":0},"end":{"line":205,"column":null}},"loc":{"start":{"line":205,"column":0},"end":{"line":208,"column":null}}},"5":{"name":"(anonymous_7)","decl":{"start":{"line":209,"column":0},"end":{"line":209,"column":null}},"loc":{"start":{"line":209,"column":0},"end":{"line":230,"column":null}}},"6":{"name":"(anonymous_8)","decl":{"start":{"line":231,"column":0},"end":{"line":231,"column":null}},"loc":{"start":{"line":231,"column":0},"end":{"line":234,"column":null}}},"7":{"name":"(anonymous_9)","decl":{"start":{"line":235,"column":0},"end":{"line":235,"column":null}},"loc":{"start":{"line":235,"column":0},"end":{"line":247,"column":null}}},"8":{"name":"(anonymous_10)","decl":{"start":{"line":248,"column":0},"end":{"line":248,"column":null}},"loc":{"start":{"line":248,"column":0},"end":{"line":257,"column":null}}},"9":{"name":"(anonymous_11)","decl":{"start":{"line":251,"column":0},"end":{"line":251,"column":null}},"loc":{"start":{"line":251,"column":0},"end":{"line":253,"column":null}}},"10":{"name":"(anonymous_12)","decl":{"start":{"line":258,"column":0},"end":{"line":258,"column":null}},"loc":{"start":{"line":258,"column":0},"end":{"line":269,"column":null}}},"11":{"name":"(anonymous_13)","decl":{"start":{"line":263,"column":0},"end":{"line":263,"column":null}},"loc":{"start":{"line":263,"column":0},"end":{"line":265,"column":null}}}},"branchMap":{"0":{"loc":{"start":{"line":250,"column":0},"end":{"line":255,"column":null}},"type":"if","locations":[{"start":{"line":250,"column":0},"end":{"line":255,"column":null}},{"start":{"line":250,"column":0},"end":{"line":255,"column":null}}]}},"s":{"0":0,"1":0,"2":0,"3":0,"4":0,"5":0,"6":0,"7":0,"8":0,"9":0,"10":0,"11":0,"12":0,"13":0,"14":0,"15":0,"16":0,"17":0,"18":0,"19":0,"20":0,"21":0,"22":0,"23":0,"24":0,"25":0,"26":0,"27":0,"28":0,"29":0,"30":0,"31":0,"32":0,"33":0},"f":{"0":0,"1":0,"2":0,"3":0,"4":0,"5":0,"6":0,"7":0,"8":0,"9":0,"10":0,"11":0},"b":{"0":[0,0]}}
,"/Users/iliyaandrushov/WebstormProjects/trpo/pages/invoice/_invoice.vue": {"path":"/Users/iliyaandrushov/WebstormProjects/trpo/pages/invoice/_invoice.vue","statementMap":{"0":{"start":{"line":22,"column":0},"end":{"line":22,"column":null}},"1":{"start":{"line":26,"column":0},"end":{"line":26,"column":null}},"2":{"start":{"line":30,"column":0},"end":{"line":43,"column":null}},"3":{"start":{"line":52,"column":0},"end":{"line":52,"column":null}},"4":{"start":{"line":53,"column":0},"end":{"line":61,"column":null}},"5":{"start":{"line":54,"column":0},"end":{"line":54,"column":null}},"6":{"start":{"line":55,"column":0},"end":{"line":55,"column":null}},"7":{"start":{"line":56,"column":0},"end":{"line":58,"column":null}},"8":{"start":{"line":57,"column":0},"end":{"line":57,"column":null}},"9":{"start":{"line":60,"column":0},"end":{"line":60,"column":null}},"10":{"start":{"line":64,"column":0},"end":{"line":64,"column":null}},"11":{"start":{"line":65,"column":0},"end":{"line":70,"column":null}},"12":{"start":{"line":66,"column":0},"end":{"line":68,"column":null}},"13":{"start":{"line":67,"column":0},"end":{"line":67,"column":null}},"14":{"start":{"line":69,"column":0},"end":{"line":69,"column":null}},"15":{"start":{"line":71,"column":0},"end":{"line":71,"column":null}}},"fnMap":{"0":{"name":"(anonymous_1)","decl":{"start":{"line":22,"column":0},"end":{"line":22,"column":null}},"loc":{"start":{"line":22,"column":0},"end":{"line":22,"column":null}}},"1":{"name":"(anonymous_2)","decl":{"start":{"line":25,"column":0},"end":{"line":25,"column":null}},"loc":{"start":{"line":25,"column":0},"end":{"line":27,"column":null}}},"2":{"name":"(anonymous_3)","decl":{"start":{"line":29,"column":0},"end":{"line":29,"column":null}},"loc":{"start":{"line":29,"column":0},"end":{"line":48,"column":null}}},"3":{"name":"(anonymous_4)","decl":{"start":{"line":51,"column":0},"end":{"line":51,"column":null}},"loc":{"start":{"line":51,"column":0},"end":{"line":62,"column":null}}},"4":{"name":"(anonymous_5)","decl":{"start":{"line":56,"column":0},"end":{"line":56,"column":null}},"loc":{"start":{"line":56,"column":0},"end":{"line":58,"column":null}}},"5":{"name":"(anonymous_6)","decl":{"start":{"line":63,"column":0},"end":{"line":63,"column":null}},"loc":{"start":{"line":63,"column":0},"end":{"line":72,"column":null}}},"6":{"name":"(anonymous_7)","decl":{"start":{"line":66,"column":0},"end":{"line":66,"column":null}},"loc":{"start":{"line":66,"column":0},"end":{"line":68,"column":null}}}},"branchMap":{"0":{"loc":{"start":{"line":65,"column":0},"end":{"line":70,"column":null}},"type":"if","locations":[{"start":{"line":65,"column":0},"end":{"line":70,"column":null}},{"start":{"line":65,"column":0},"end":{"line":70,"column":null}}]}},"s":{"0":0,"1":0,"2":0,"3":0,"4":0,"5":0,"6":0,"7":0,"8":0,"9":0,"10":0,"11":0,"12":0,"13":0,"14":0,"15":0},"f":{"0":0,"1":0,"2":0,"3":0,"4":0,"5":0,"6":0},"b":{"0":[0,0]}}
}
