{"/Users/iliyaandrushov/WebstormProjects/trpo/pages/index.vue": {"path":"/Users/iliyaandrushov/WebstormProjects/trpo/pages/index.vue","statementMap":{"0":{"start":{"line":11,"column":0},"end":{"line":11,"column":null}}},"fnMap":{"0":{"name":"(anonymous_1)","decl":{"start":{"line":10,"column":0},"end":{"line":10,"column":null}},"loc":{"start":{"line":10,"column":0},"end":{"line":12,"column":null}}}},"branchMap":{},"s":{"0":0},"f":{"0":0},"b":{}}
,"/Users/iliyaandrushov/WebstormProjects/trpo/pages/rooms.vue": {"path":"/Users/iliyaandrushov/WebstormProjects/trpo/pages/rooms.vue","statementMap":{"0":{"start":{"line":61,"column":0},"end":{"line":61,"column":null}},"1":{"start":{"line":65,"column":0},"end":{"line":65,"column":null}},"2":{"start":{"line":69,"column":0},"end":{"line":69,"column":null}},"3":{"start":{"line":70,"column":0},"end":{"line":84,"column":null}},"4":{"start":{"line":71,"column":0},"end":{"line":71,"column":null}},"5":{"start":{"line":72,"column":0},"end":{"line":80,"column":null}},"6":{"start":{"line":73,"column":0},"end":{"line":79,"column":null}},"7":{"start":{"line":74,"column":0},"end":{"line":74,"column":null}},"8":{"start":{"line":78,"column":0},"end":{"line":78,"column":null}},"9":{"start":{"line":81,"column":0},"end":{"line":81,"column":null}},"10":{"start":{"line":83,"column":0},"end":{"line":83,"column":null}},"11":{"start":{"line":87,"column":0},"end":{"line":89,"column":null}},"12":{"start":{"line":88,"column":0},"end":{"line":88,"column":null}}},"fnMap":{"0":{"name":"(anonymous_1)","decl":{"start":{"line":61,"column":0},"end":{"line":61,"column":null}},"loc":{"start":{"line":61,"column":0},"end":{"line":61,"column":null}}},"1":{"name":"(anonymous_2)","decl":{"start":{"line":64,"column":0},"end":{"line":64,"column":null}},"loc":{"start":{"line":64,"column":0},"end":{"line":66,"column":null}}},"2":{"name":"(anonymous_3)","decl":{"start":{"line":68,"column":0},"end":{"line":68,"column":null}},"loc":{"start":{"line":68,"column":0},"end":{"line":85,"column":null}}},"3":{"name":"(anonymous_4)","decl":{"start":{"line":72,"column":0},"end":{"line":72,"column":null}},"loc":{"start":{"line":72,"column":0},"end":{"line":80,"column":null}}},"4":{"name":"(anonymous_5)","decl":{"start":{"line":73,"column":0},"end":{"line":73,"column":null}},"loc":{"start":{"line":73,"column":0},"end":{"line":79,"column":null}}},"5":{"name":"(anonymous_6)","decl":{"start":{"line":86,"column":0},"end":{"line":86,"column":null}},"loc":{"start":{"line":86,"column":0},"end":{"line":90,"column":null}}}},"branchMap":{"0":{"loc":{"start":{"line":87,"column":0},"end":{"line":89,"column":null}},"type":"if","locations":[{"start":{"line":87,"column":0},"end":{"line":89,"column":null}},{"start":{"line":87,"column":0},"end":{"line":89,"column":null}}]},"1":{"loc":{"start":{"line":87,"column":0},"end":{"line":87,"column":null}},"type":"binary-expr","locations":[{"start":{"line":87,"column":0},"end":{"line":87,"column":null}},{"start":{"line":87,"column":0},"end":{"line":87,"column":null}}]}},"s":{"0":0,"1":0,"2":0,"3":0,"4":0,"5":0,"6":0,"7":0,"8":0,"9":0,"10":0,"11":0,"12":0},"f":{"0":0,"1":0,"2":0,"3":0,"4":0,"5":0},"b":{"0":[0,0],"1":[0,0]}}
,"/Users/iliyaandrushov/WebstormProjects/trpo/pages/info/_id.vue": {"path":"/Users/iliyaandrushov/WebstormProjects/trpo/pages/info/_id.vue","statementMap":{"0":{"start":{"line":125,"column":0},"end":{"line":125,"column":null}},"1":{"start":{"line":129,"column":0},"end":{"line":129,"column":null}},"2":{"start":{"line":138,"column":0},"end":{"line":138,"column":null}},"3":{"start":{"line":142,"column":0},"end":{"line":142,"column":null}},"4":{"start":{"line":145,"column":0},"end":{"line":158,"column":null}},"5":{"start":{"line":167,"column":0},"end":{"line":167,"column":null}},"6":{"start":{"line":168,"column":0},"end":{"line":168,"column":null}},"7":{"start":{"line":169,"column":0},"end":{"line":169,"column":null}},"8":{"start":{"line":170,"column":0},"end":{"line":176,"column":null}},"9":{"start":{"line":171,"column":0},"end":{"line":171,"column":null}},"10":{"start":{"line":175,"column":0},"end":{"line":175,"column":null}},"11":{"start":{"line":179,"column":0},"end":{"line":179,"column":null}},"12":{"start":{"line":180,"column":0},"end":{"line":185,"column":null}},"13":{"start":{"line":181,"column":0},"end":{"line":183,"column":null}},"14":{"start":{"line":182,"column":0},"end":{"line":182,"column":null}},"15":{"start":{"line":184,"column":0},"end":{"line":184,"column":null}},"16":{"start":{"line":186,"column":0},"end":{"line":186,"column":null}},"17":{"start":{"line":189,"column":0},"end":{"line":189,"column":null}},"18":{"start":{"line":190,"column":0},"end":{"line":195,"column":null}},"19":{"start":{"line":191,"column":0},"end":{"line":191,"column":null}},"20":{"start":{"line":192,"column":0},"end":{"line":192,"column":null}},"21":{"start":{"line":194,"column":0},"end":{"line":194,"column":null}}},"fnMap":{"0":{"name":"(anonymous_2)","decl":{"start":{"line":129,"column":0},"end":{"line":129,"column":null}},"loc":{"start":{"line":129,"column":0},"end":{"line":129,"column":null}}},"1":{"name":"(anonymous_3)","decl":{"start":{"line":137,"column":0},"end":{"line":137,"column":null}},"loc":{"start":{"line":137,"column":0},"end":{"line":139,"column":null}}},"2":{"name":"(anonymous_4)","decl":{"start":{"line":141,"column":0},"end":{"line":141,"column":null}},"loc":{"start":{"line":141,"column":0},"end":{"line":143,"column":null}}},"3":{"name":"(anonymous_5)","decl":{"start":{"line":144,"column":0},"end":{"line":144,"column":null}},"loc":{"start":{"line":144,"column":0},"end":{"line":163,"column":null}}},"4":{"name":"(anonymous_6)","decl":{"start":{"line":166,"column":0},"end":{"line":166,"column":null}},"loc":{"start":{"line":166,"column":0},"end":{"line":177,"column":null}}},"5":{"name":"(anonymous_7)","decl":{"start":{"line":178,"column":0},"end":{"line":178,"column":null}},"loc":{"start":{"line":178,"column":0},"end":{"line":187,"column":null}}},"6":{"name":"(anonymous_8)","decl":{"start":{"line":181,"column":0},"end":{"line":181,"column":null}},"loc":{"start":{"line":181,"column":0},"end":{"line":183,"column":null}}},"7":{"name":"(anonymous_9)","decl":{"start":{"line":188,"column":0},"end":{"line":188,"column":null}},"loc":{"start":{"line":188,"column":0},"end":{"line":196,"column":null}}}},"branchMap":{"0":{"loc":{"start":{"line":180,"column":0},"end":{"line":185,"column":null}},"type":"if","locations":[{"start":{"line":180,"column":0},"end":{"line":185,"column":null}},{"start":{"line":180,"column":0},"end":{"line":185,"column":null}}]}},"s":{"0":0,"1":0,"2":0,"3":0,"4":0,"5":0,"6":0,"7":0,"8":0,"9":0,"10":0,"11":0,"12":0,"13":0,"14":0,"15":0,"16":0,"17":0,"18":0,"19":0,"20":0,"21":0},"f":{"0":0,"1":0,"2":0,"3":0,"4":0,"5":0,"6":0,"7":0},"b":{"0":[0,0]}}
}
