TN:
SF:pages/guest.vue
FN:221,(anonymous_1)
FN:250,(anonymous_2)
FN:252,(anonymous_3)
FN:259,(anonymous_4)
FN:261,(anonymous_5)
FN:272,(anonymous_6)
FN:280,(anonymous_7)
FN:281,(anonymous_8)
FN:289,(anonymous_9)
FN:294,(anonymous_10)
FN:318,(anonymous_11)
FN:321,(anonymous_12)
FN:323,(anonymous_13)
FN:336,(anonymous_14)
FN:339,(anonymous_15)
FN:341,(anonymous_16)
FN:354,(anonymous_17)
FN:363,(anonymous_18)
FN:366,(anonymous_19)
FN:385,(anonymous_20)
FN:398,(anonymous_21)
FNF:21
FNH:0
FNDA:0,(anonymous_1)
FNDA:0,(anonymous_2)
FNDA:0,(anonymous_3)
FNDA:0,(anonymous_4)
FNDA:0,(anonymous_5)
FNDA:0,(anonymous_6)
FNDA:0,(anonymous_7)
FNDA:0,(anonymous_8)
FNDA:0,(anonymous_9)
FNDA:0,(anonymous_10)
FNDA:0,(anonymous_11)
FNDA:0,(anonymous_12)
FNDA:0,(anonymous_13)
FNDA:0,(anonymous_14)
FNDA:0,(anonymous_15)
FNDA:0,(anonymous_16)
FNDA:0,(anonymous_17)
FNDA:0,(anonymous_18)
FNDA:0,(anonymous_19)
FNDA:0,(anonymous_20)
FNDA:0,(anonymous_21)
DA:221,0
DA:251,0
DA:252,0
DA:253,0
DA:254,0
DA:257,0
DA:260,0
DA:261,0
DA:262,0
DA:266,0
DA:273,0
DA:274,0
DA:281,0
DA:282,0
DA:283,0
DA:290,0
DA:291,0
DA:295,0
DA:296,0
DA:319,0
DA:320,0
DA:321,0
DA:322,0
DA:323,0
DA:324,0
DA:328,0
DA:330,0
DA:333,0
DA:337,0
DA:338,0
DA:339,0
DA:340,0
DA:341,0
DA:342,0
DA:346,0
DA:348,0
DA:351,0
DA:355,0
DA:356,0
DA:357,0
DA:359,0
DA:360,0
DA:364,0
DA:365,0
DA:366,0
DA:367,0
DA:368,0
DA:371,0
DA:372,0
DA:373,0
DA:374,0
DA:375,0
DA:376,0
DA:378,0
DA:379,0
DA:381,0
DA:382,0
DA:386,0
DA:387,0
DA:388,0
DA:392,0
DA:394,0
DA:395,0
DA:399,0
LF:64
LH:0
BRDA:253,0,0,0
BRDA:253,0,1,0
BRDA:273,1,0,0
BRDA:273,1,1,0
BRDA:282,2,0,0
BRDA:282,2,1,0
BRDA:367,3,0,0
BRDA:367,3,1,0
BRDA:375,4,0,0
BRDA:375,4,1,0
BRDA:375,5,0,0
BRDA:375,5,1,0
BRF:12
BRH:0
end_of_record
TN:
SF:pages/index.vue
FN:10,(anonymous_1)
FNF:1
FNH:0
FNDA:0,(anonymous_1)
DA:11,0
LF:1
LH:0
BRF:0
BRH:0
end_of_record
TN:
SF:pages/rooms.vue
FN:61,(anonymous_1)
FN:64,(anonymous_2)
FN:68,(anonymous_3)
FN:71,(anonymous_4)
FN:73,(anonymous_5)
FN:86,(anonymous_6)
FNF:6
FNH:0
FNDA:0,(anonymous_1)
FNDA:0,(anonymous_2)
FNDA:0,(anonymous_3)
FNDA:0,(anonymous_4)
FNDA:0,(anonymous_5)
FNDA:0,(anonymous_6)
DA:61,0
DA:65,0
DA:69,0
DA:70,0
DA:71,0
DA:72,0
DA:73,0
DA:74,0
DA:78,0
DA:80,0
DA:83,0
DA:87,0
DA:88,0
LF:13
LH:0
BRDA:87,0,0,0
BRDA:87,0,1,0
BRDA:87,1,0,0
BRDA:87,1,1,0
BRF:4
BRH:0
end_of_record
TN:
SF:pages/info/_id.vue
FN:168,(anonymous_2)
FN:176,(anonymous_3)
FN:180,(anonymous_4)
FN:183,(anonymous_5)
FN:205,(anonymous_6)
FN:209,(anonymous_7)
FN:231,(anonymous_8)
FN:235,(anonymous_9)
FN:248,(anonymous_10)
FN:251,(anonymous_11)
FN:258,(anonymous_12)
FN:263,(anonymous_13)
FNF:12
FNH:0
FNDA:0,(anonymous_2)
FNDA:0,(anonymous_3)
FNDA:0,(anonymous_4)
FNDA:0,(anonymous_5)
FNDA:0,(anonymous_6)
FNDA:0,(anonymous_7)
FNDA:0,(anonymous_8)
FNDA:0,(anonymous_9)
FNDA:0,(anonymous_10)
FNDA:0,(anonymous_11)
FNDA:0,(anonymous_12)
FNDA:0,(anonymous_13)
DA:164,0
DA:168,0
DA:177,0
DA:181,0
DA:184,0
DA:206,0
DA:207,0
DA:210,0
DA:211,0
DA:212,0
DA:226,0
DA:228,0
DA:232,0
DA:233,0
DA:236,0
DA:237,0
DA:238,0
DA:239,0
DA:240,0
DA:243,0
DA:245,0
DA:249,0
DA:250,0
DA:251,0
DA:252,0
DA:254,0
DA:256,0
DA:259,0
DA:260,0
DA:261,0
DA:262,0
DA:263,0
DA:264,0
DA:267,0
LF:34
LH:0
BRDA:250,0,0,0
BRDA:250,0,1,0
BRF:2
BRH:0
end_of_record
TN:
SF:pages/invoice/_invoice.vue
FN:22,(anonymous_1)
FN:25,(anonymous_2)
FN:29,(anonymous_3)
FN:51,(anonymous_4)
FN:56,(anonymous_5)
FN:63,(anonymous_6)
FN:66,(anonymous_7)
FNF:7
FNH:0
FNDA:0,(anonymous_1)
FNDA:0,(anonymous_2)
FNDA:0,(anonymous_3)
FNDA:0,(anonymous_4)
FNDA:0,(anonymous_5)
FNDA:0,(anonymous_6)
FNDA:0,(anonymous_7)
DA:22,0
DA:26,0
DA:30,0
DA:52,0
DA:53,0
DA:54,0
DA:55,0
DA:56,0
DA:57,0
DA:60,0
DA:64,0
DA:65,0
DA:66,0
DA:67,0
DA:69,0
DA:71,0
LF:16
LH:0
BRDA:65,0,0,0
BRDA:65,0,1,0
BRF:2
BRH:0
end_of_record
